<?xml version="1.0" encoding="UTF-8"?>
<!-- Generated by org.testng.reporters.JUnitReportReporter -->
<testsuite hostname="SOWMYA-PC" failures="0" tests="2" name="Academy.E2EProject.RedbusCalender" time="56.128" errors="0" timestamp="2022-07-24T09:25:43 IST" skipped="0">
  <testcase classname="Academy.E2EProject.RedbusCalender" name="calenderSample" time="14.436"/>
  <system-out/>
  <testcase classname="Academy.E2EProject.RedbusCalender" name="calenderSample" time="41.692"/>
  <system-out/>
</testsuite> <!-- Academy.E2EProject.RedbusCalender -->
