<?xml version="1.0" encoding="UTF-8"?>
<!-- Generated by org.testng.reporters.JUnitReportReporter -->
<testsuite hostname="SOWMYA-PC" failures="0" tests="2" name="Academy.E2EProject.AlertPraticePage" time="52.052" errors="0" timestamp="2022-07-24T09:25:43 IST" skipped="0">
  <testcase classname="Academy.E2EProject.AlertPraticePage" name="AlertpageTest" time="42.506"/>
  <system-out/>
  <testcase classname="Academy.E2EProject.AlertPraticePage" name="AlertpageTest" time="9.546"/>
  <system-out/>
</testsuite> <!-- Academy.E2EProject.AlertPraticePage -->
