<?xml version="1.0" encoding="UTF-8"?>
<!-- Generated by org.testng.reporters.JUnitReportReporter -->
<testsuite hostname="SOWMYA-PC" failures="0" tests="1" name="Assignement1.CucumberAssignment.TestRunner" time="26.927" errors="0" timestamp="2022-08-17T17:48:26 IST" skipped="0">
  <testcase classname="Assignement1.CucumberAssignment.TestRunner" name="runScenario" time="26.927"/>
  <system-out/>
</testsuite> <!-- Assignement1.CucumberAssignment.TestRunner -->
