<?xml version="1.0" encoding="UTF-8"?>
<!-- Generated by org.testng.reporters.JUnitReportReporter -->
<testsuite hostname="SOWMYA-PC" failures="0" tests="6" name="Academy.E2EProject.HomePage" time="290.384" errors="0" timestamp="2022-07-25T13:30:03 IST" skipped="0">
  <testcase classname="Academy.E2EProject.HomePage" name="basePageNavigator" time="31.432"/>
  <system-out/>
  <testcase classname="Academy.E2EProject.HomePage" name="basePageNavigator" time="25.211"/>
  <system-out/>
  <testcase classname="Academy.E2EProject.HomePage" name="basePageNavigator" time="35.085"/>
  <system-out/>
  <testcase classname="Academy.E2EProject.HomePage" name="basePageNavigator" time="135.223"/>
  <system-out/>
  <testcase classname="Academy.E2EProject.HomePage" name="basePageNavigator" time="28.231"/>
  <system-out/>
  <testcase classname="Academy.E2EProject.HomePage" name="basePageNavigator" time="35.202"/>
  <system-out/>
</testsuite> <!-- Academy.E2EProject.HomePage -->
