<?xml version="1.0" encoding="UTF-8"?>
<!-- Generated by org.testng.reporters.JUnitReportReporter -->
<testsuite hostname="SOWMYA-PC" failures="0" tests="1" name="Academy.E2EProject.RedbusCalender" time="19.161" errors="0" timestamp="2022-07-25T13:30:03 IST" skipped="0">
  <testcase classname="Academy.E2EProject.RedbusCalender" name="calenderSample" time="19.161"/>
  <system-out/>
</testsuite> <!-- Academy.E2EProject.RedbusCalender -->
