<?xml version="1.0" encoding="UTF-8"?>
<!-- Generated by org.testng.reporters.JUnitReportReporter -->
<testsuite hostname="SOWMYA-PC" failures="0" tests="2" name="Academy.E2EProject.RedbusCalender" time="46.173" errors="0" timestamp="2022-07-24T08:43:46 IST" skipped="0">
  <testcase classname="Academy.E2EProject.RedbusCalender" name="calenderSample" time="29.490"/>
  <system-out/>
  <testcase classname="Academy.E2EProject.RedbusCalender" name="calenderSample" time="16.683"/>
  <system-out/>
</testsuite> <!-- Academy.E2EProject.RedbusCalender -->
