<?xml version="1.0" encoding="UTF-8"?>
<!-- Generated by org.testng.reporters.JUnitReportReporter -->
<testsuite hostname="SOWMYA-PC" failures="0" tests="1" name="Academy.E2EProject.RedbusCalender" time="154.632" errors="0" timestamp="2022-07-25T09:00:05 GMT+05:30" skipped="0">
  <testcase classname="Academy.E2EProject.RedbusCalender" name="calenderSample" time="154.632"/>
  <system-out/>
</testsuite> <!-- Academy.E2EProject.RedbusCalender -->
