<?xml version="1.0" encoding="UTF-8"?>
<!-- Generated by org.testng.reporters.JUnitReportReporter -->
<testsuite hostname="SOWMYA-PC" failures="0" tests="1" name="Academy.E2EProject.AlertPraticePage" time="143.530" errors="0" timestamp="2022-07-25T09:00:05 GMT+05:30" skipped="0">
  <testcase classname="Academy.E2EProject.AlertPraticePage" name="AlertpageTest" time="143.530"/>
  <system-out/>
</testsuite> <!-- Academy.E2EProject.AlertPraticePage -->
