<?xml version="1.0" encoding="UTF-8"?>
<!-- Generated by org.testng.reporters.JUnitReportReporter -->
<testsuite hostname="SOWMYA-PC" failures="0" tests="1" name="CucumberOptions.TestNGTestRunner" time="0.133" errors="0" timestamp="2022-08-14T12:45:23 IST" skipped="0">
  <testcase classname="CucumberOptions.TestNGTestRunner" name="runScenario" time="0.133"/>
  <system-out/>
</testsuite> <!-- CucumberOptions.TestNGTestRunner -->
