<?xml version="1.0" encoding="UTF-8"?>
<!-- Generated by org.testng.reporters.JUnitReportReporter -->
<testsuite hostname="SOWMYA-PC" failures="0" tests="8" name="test.Sample1Test" time="0.037" errors="0" timestamp="2022-07-03T11:39:49 IST" skipped="1">
  <testcase classname="test.Sample1Test" name="DataGrab" time="0.018"/>
  <system-out/>
  <testcase classname="test.Sample1Test" name="Test8" time="0.002"/>
  <system-out/>
  <testcase classname="test.Sample1Test" name="DataGrab" time="0.003"/>
  <system-out/>
  <testcase classname="test.Sample1Test" name="DataGrab" time="0.005"/>
  <system-out/>
  <testcase classname="test.Sample1Test" name="Test4" time="0.003"/>
  <system-out/>
  <testcase classname="test.Sample1Test" name="Test7" time="0.003"/>
  <system-out/>
  <testcase classname="test.Sample1Test" name="zetroMethod" time="0.003"/>
  <system-out/>
  <testcase classname="test.Sample1Test" name="Test6">
    <skipped/>
  </testcase> <!-- Test6 -->
  <system-out/>
</testsuite> <!-- test.Sample1Test -->
