<?xml version="1.0" encoding="UTF-8"?>
<!-- Generated by org.testng.reporters.JUnitReportReporter -->
<testsuite hostname="SOWMYA-PC" failures="0" tests="1" name="MavenSeleniumPractice.MavenProjectSample.testdemo" time="26.845" errors="0" timestamp="2022-07-04T16:21:09 IST" skipped="0">
  <testcase classname="MavenSeleniumPractice.MavenProjectSample.testdemo" name="initialDemo" time="26.845"/>
  <system-out/>
</testsuite> <!-- MavenSeleniumPractice.MavenProjectSample.testdemo -->
