<?xml version="1.0" encoding="UTF-8"?>
<!-- Generated by org.testng.reporters.JUnitReportReporter -->
<testsuite hostname="SOWMYA-PC" failures="0" tests="1" name="MavenSeleniumPractice.MavenProjectSample.ExtentReportTest" time="38.706" errors="0" timestamp="2022-07-05T14:28:07 IST" skipped="0">
  <testcase classname="MavenSeleniumPractice.MavenProjectSample.ExtentReportTest" name="initialDemo" time="38.706"/>
  <system-out/>
</testsuite> <!-- MavenSeleniumPractice.MavenProjectSample.ExtentReportTest -->
