<?xml version="1.0" encoding="UTF-8"?>
<!-- Generated by org.testng.reporters.JUnitReportReporter -->
<testsuite hostname="SOWMYA-PC" failures="0" tests="7" name="TestRunners.TestNGTestRunner" time="0.310" errors="0" timestamp="2022-08-14T12:21:46 IST" skipped="0">
  <testcase classname="TestRunners.TestNGTestRunner" name="runScenario" time="0.020"/>
  <system-out/>
  <testcase classname="TestRunners.TestNGTestRunner" name="runScenario" time="0.024"/>
  <system-out/>
  <testcase classname="TestRunners.TestNGTestRunner" name="runScenario" time="0.194"/>
  <system-out/>
  <testcase classname="TestRunners.TestNGTestRunner" name="runScenario" time="0.012"/>
  <system-out/>
  <testcase classname="TestRunners.TestNGTestRunner" name="runScenario" time="0.019"/>
  <system-out/>
  <testcase classname="TestRunners.TestNGTestRunner" name="runScenario" time="0.024"/>
  <system-out/>
  <testcase classname="TestRunners.TestNGTestRunner" name="runScenario" time="0.017"/>
  <system-out/>
</testsuite> <!-- TestRunners.TestNGTestRunner -->
