<?xml version="1.0" encoding="UTF-8"?>
<!-- Generated by org.testng.reporters.JUnitReportReporter -->
<testsuite hostname="SOWMYA-PC" failures="0" tests="1" name="Academy.E2EProject.RedbusCalender" time="18.738" errors="0" timestamp="2022-07-24T20:43:20 IST" skipped="0">
  <testcase classname="Academy.E2EProject.RedbusCalender" name="calenderSample" time="18.738"/>
  <system-out/>
</testsuite> <!-- Academy.E2EProject.RedbusCalender -->
