<?xml version="1.0" encoding="UTF-8"?>
<!-- Generated by org.testng.reporters.JUnitReportReporter -->
<testsuite hostname="SOWMYA-PC" failures="0" tests="3" name="Academy.E2EProject.HomePage" time="202.217" errors="0" timestamp="2022-07-25T08:52:27 IST" skipped="0">
  <testcase classname="Academy.E2EProject.HomePage" name="basePageNavigator" time="87.988"/>
  <system-out/>
  <testcase classname="Academy.E2EProject.HomePage" name="basePageNavigator" time="72.888"/>
  <system-out/>
  <testcase classname="Academy.E2EProject.HomePage" name="basePageNavigator" time="41.341"/>
  <system-out/>
</testsuite> <!-- Academy.E2EProject.HomePage -->
