<?xml version="1.0" encoding="UTF-8"?>
<!-- Generated by org.testng.reporters.JUnitReportReporter -->
<testsuite hostname="SOWMYA-PC" failures="0" tests="1" name="CucumberTest.TestFramework.TestRunner" time="42.601" errors="0" timestamp="2022-08-16T11:43:37 IST" skipped="0">
  <testcase classname="CucumberTest.TestFramework.TestRunner" name="runScenario" time="42.601"/>
  <system-out/>
</testsuite> <!-- CucumberTest.TestFramework.TestRunner -->
