<?xml version="1.0" encoding="UTF-8"?>
<!-- Generated by org.testng.reporters.JUnitReportReporter -->
<testsuite hostname="SOWMYA-PC" failures="0" tests="2" name="com.herokuapp.theinternet.NegativeTests" time="52.440" errors="0" timestamp="2022-06-15T07:48:43 IST" skipped="1">
  <testcase classname="com.herokuapp.theinternet.NegativeTests" name="InvalidPasswordTest" time="52.440"/>
  <system-out/>
  <testcase classname="com.herokuapp.theinternet.NegativeTests" name="InvalidUsernameTest">
    <skipped/>
  </testcase> <!-- InvalidUsernameTest -->
  <system-out/>
</testsuite> <!-- com.herokuapp.theinternet.NegativeTests -->
