<?xml version="1.0" encoding="UTF-8"?>
<!-- Generated by org.testng.reporters.JUnitReportReporter -->
<testsuite hostname="SOWMYA-PC" failures="0" tests="2" name="com.herokuapp.theinternet.ParameterTests" time="49.311" errors="0" timestamp="2022-06-05T15:36:03 IST" skipped="0">
  <testcase classname="com.herokuapp.theinternet.ParameterTests" name="InvalidLoginTests" time="11.712"/>
  <system-out/>
  <testcase classname="com.herokuapp.theinternet.ParameterTests" name="InvalidLoginTests" time="37.599"/>
  <system-out/>
</testsuite> <!-- com.herokuapp.theinternet.ParameterTests -->
