<?xml version="1.0" encoding="UTF-8"?>
<!-- Generated by org.testng.reporters.JUnitReportReporter -->
<testsuite hostname="SOWMYA-PC" failures="0" tests="1" name="com.herokuapp.theinternet.CheckboxTest" time="14.906" errors="0" timestamp="2022-06-12T18:21:00 IST" skipped="0">
  <testcase classname="com.herokuapp.theinternet.CheckboxTest" name="Test1" time="14.906"/>
  <system-out/>
</testsuite> <!-- com.herokuapp.theinternet.CheckboxTest -->
